1740953741.060767 client started (20961): version 3.5a, socket /private/tmp/tmux-501/default, protocol 8
1740953741.060857 on Darwin 24.3.0 Darwin Kernel Version 24.3.0: Thu Jan  2 20:24:16 PST 2025; root:xnu-11215.81.4~3/RELEASE_ARM64_T6000
1740953741.060870 using libevent 2.1.12-stable select
1740953741.060905 using utf8proc 2.10.0
1740953741.060910 using ncurses 6.5 20240427
1740953741.060929 flags are 0x18010000
1740953741.060933 socket is /private/tmp/tmux-501/default
1740953741.060947 trying connect
1740953741.061014 add peer 0x118008000: 6 (0x0)
1740953741.062718 sending message 111 to peer 0x118008000 (8 bytes)
1740953741.062734 sending message 111 to peer 0x118008000 (8 bytes)
1740953741.062742 sending message 101 to peer 0x118008000 (12 bytes)
1740953741.062751 sending message 109 to peer 0x118008000 (4 bytes)
1740953741.062756 sending message 102 to peer 0x118008000 (13 bytes)
1740953741.062760 sending message 108 to peer 0x118008000 (33 bytes)
1740953741.062764 sending message 112 to peer 0x118008000 (70 bytes)
1740953741.062768 sending message 112 to peer 0x118008000 (5 bytes)
1740953741.062772 sending message 112 to peer 0x118008000 (6 bytes)
1740953741.062776 sending message 112 to peer 0x118008000 (6 bytes)
1740953741.062780 sending message 112 to peer 0x118008000 (10 bytes)
1740953741.062785 sending message 112 to peer 0x118008000 (13 bytes)
1740953741.062789 sending message 112 to peer 0x118008000 (14 bytes)
1740953741.062793 sending message 112 to peer 0x118008000 (19 bytes)
1740953741.062797 sending message 112 to peer 0x118008000 (11 bytes)
1740953741.062801 sending message 112 to peer 0x118008000 (10 bytes)
1740953741.062805 sending message 112 to peer 0x118008000 (15 bytes)
1740953741.062809 sending message 112 to peer 0x118008000 (21 bytes)
1740953741.062813 sending message 112 to peer 0x118008000 (13 bytes)
1740953741.062817 sending message 112 to peer 0x118008000 (7 bytes)
1740953741.062821 sending message 112 to peer 0x118008000 (13 bytes)
1740953741.062824 sending message 112 to peer 0x118008000 (7 bytes)
1740953741.062828 sending message 112 to peer 0x118008000 (13 bytes)
1740953741.062832 sending message 112 to peer 0x118008000 (9 bytes)
1740953741.062836 sending message 112 to peer 0x118008000 (21 bytes)
1740953741.062840 sending message 112 to peer 0x118008000 (13 bytes)
1740953741.062844 sending message 112 to peer 0x118008000 (9 bytes)
1740953741.062847 sending message 112 to peer 0x118008000 (16 bytes)
1740953741.062851 sending message 112 to peer 0x118008000 (13 bytes)
1740953741.062855 sending message 112 to peer 0x118008000 (9 bytes)
1740953741.062859 sending message 112 to peer 0x118008000 (9 bytes)
1740953741.062862 sending message 112 to peer 0x118008000 (12 bytes)
1740953741.062866 sending message 112 to peer 0x118008000 (8 bytes)
1740953741.062870 sending message 112 to peer 0x118008000 (13 bytes)
1740953741.062874 sending message 112 to peer 0x118008000 (7 bytes)
1740953741.062877 sending message 112 to peer 0x118008000 (7 bytes)
1740953741.062881 sending message 112 to peer 0x118008000 (9 bytes)
1740953741.062885 sending message 112 to peer 0x118008000 (6 bytes)
1740953741.062889 sending message 112 to peer 0x118008000 (9 bytes)
1740953741.062893 sending message 112 to peer 0x118008000 (15 bytes)
1740953741.062896 sending message 112 to peer 0x118008000 (13 bytes)
1740953741.062900 sending message 112 to peer 0x118008000 (12 bytes)
1740953741.062904 sending message 112 to peer 0x118008000 (8 bytes)
1740953741.062908 sending message 112 to peer 0x118008000 (14 bytes)
1740953741.062912 sending message 112 to peer 0x118008000 (9 bytes)
1740953741.062915 sending message 112 to peer 0x118008000 (10 bytes)
1740953741.062919 sending message 112 to peer 0x118008000 (10 bytes)
1740953741.062923 sending message 112 to peer 0x118008000 (10 bytes)
1740953741.062927 sending message 112 to peer 0x118008000 (10 bytes)
1740953741.062930 sending message 112 to peer 0x118008000 (11 bytes)
1740953741.062934 sending message 112 to peer 0x118008000 (12 bytes)
1740953741.062938 sending message 112 to peer 0x118008000 (12 bytes)
1740953741.062953 sending message 112 to peer 0x118008000 (12 bytes)
1740953741.062956 sending message 112 to peer 0x118008000 (12 bytes)
1740953741.062958 sending message 112 to peer 0x118008000 (12 bytes)
1740953741.062961 sending message 112 to peer 0x118008000 (11 bytes)
1740953741.062964 sending message 112 to peer 0x118008000 (11 bytes)
1740953741.062967 sending message 112 to peer 0x118008000 (12 bytes)
1740953741.062969 sending message 112 to peer 0x118008000 (12 bytes)
1740953741.062972 sending message 112 to peer 0x118008000 (12 bytes)
1740953741.062975 sending message 112 to peer 0x118008000 (12 bytes)
1740953741.062977 sending message 112 to peer 0x118008000 (12 bytes)
1740953741.062980 sending message 112 to peer 0x118008000 (9 bytes)
1740953741.062983 sending message 112 to peer 0x118008000 (12 bytes)
1740953741.062985 sending message 112 to peer 0x118008000 (13 bytes)
1740953741.062988 sending message 112 to peer 0x118008000 (13 bytes)
1740953741.062990 sending message 112 to peer 0x118008000 (13 bytes)
1740953741.062993 sending message 112 to peer 0x118008000 (13 bytes)
1740953741.062996 sending message 112 to peer 0x118008000 (13 bytes)
1740953741.062998 sending message 112 to peer 0x118008000 (8 bytes)
1740953741.063001 sending message 112 to peer 0x118008000 (11 bytes)
1740953741.063004 sending message 112 to peer 0x118008000 (11 bytes)
1740953741.063006 sending message 112 to peer 0x118008000 (11 bytes)
1740953741.063009 sending message 112 to peer 0x118008000 (12 bytes)
1740953741.063011 sending message 112 to peer 0x118008000 (12 bytes)
1740953741.063014 sending message 112 to peer 0x118008000 (13 bytes)
1740953741.063017 sending message 112 to peer 0x118008000 (12 bytes)
1740953741.063019 sending message 112 to peer 0x118008000 (13 bytes)
1740953741.063022 sending message 112 to peer 0x118008000 (13 bytes)
1740953741.063025 sending message 112 to peer 0x118008000 (13 bytes)
1740953741.063029 sending message 112 to peer 0x118008000 (8 bytes)
1740953741.063032 sending message 112 to peer 0x118008000 (13 bytes)
1740953741.063035 sending message 112 to peer 0x118008000 (13 bytes)
1740953741.063038 sending message 112 to peer 0x118008000 (13 bytes)
1740953741.063040 sending message 112 to peer 0x118008000 (13 bytes)
1740953741.063043 sending message 112 to peer 0x118008000 (13 bytes)
1740953741.063046 sending message 112 to peer 0x118008000 (12 bytes)
1740953741.063048 sending message 112 to peer 0x118008000 (12 bytes)
1740953741.063051 sending message 112 to peer 0x118008000 (13 bytes)
1740953741.063054 sending message 112 to peer 0x118008000 (12 bytes)
1740953741.063057 sending message 112 to peer 0x118008000 (13 bytes)
1740953741.063059 sending message 112 to peer 0x118008000 (8 bytes)
1740953741.063062 sending message 112 to peer 0x118008000 (13 bytes)
1740953741.063065 sending message 112 to peer 0x118008000 (13 bytes)
1740953741.063067 sending message 112 to peer 0x118008000 (13 bytes)
1740953741.063070 sending message 112 to peer 0x118008000 (13 bytes)
1740953741.063075 sending message 112 to peer 0x118008000 (13 bytes)
1740953741.063078 sending message 112 to peer 0x118008000 (13 bytes)
1740953741.063081 sending message 112 to peer 0x118008000 (13 bytes)
1740953741.063084 sending message 112 to peer 0x118008000 (12 bytes)
1740953741.063087 sending message 112 to peer 0x118008000 (12 bytes)
1740953741.063091 sending message 112 to peer 0x118008000 (13 bytes)
1740953741.063095 sending message 112 to peer 0x118008000 (8 bytes)
1740953741.063097 sending message 112 to peer 0x118008000 (12 bytes)
1740953741.063102 sending message 112 to peer 0x118008000 (13 bytes)
1740953741.063105 sending message 112 to peer 0x118008000 (13 bytes)
1740953741.063108 sending message 112 to peer 0x118008000 (13 bytes)
1740953741.063111 sending message 112 to peer 0x118008000 (13 bytes)
1740953741.063114 sending message 112 to peer 0x118008000 (13 bytes)
1740953741.063119 sending message 112 to peer 0x118008000 (13 bytes)
1740953741.063122 sending message 112 to peer 0x118008000 (13 bytes)
1740953741.063133 sending message 112 to peer 0x118008000 (13 bytes)
1740953741.063136 sending message 112 to peer 0x118008000 (12 bytes)
1740953741.063139 sending message 112 to peer 0x118008000 (10 bytes)
1740953741.063141 sending message 112 to peer 0x118008000 (12 bytes)
1740953741.063144 sending message 112 to peer 0x118008000 (13 bytes)
1740953741.063147 sending message 112 to peer 0x118008000 (12 bytes)
1740953741.063149 sending message 112 to peer 0x118008000 (13 bytes)
1740953741.063152 sending message 112 to peer 0x118008000 (13 bytes)
1740953741.063155 sending message 112 to peer 0x118008000 (13 bytes)
1740953741.063158 sending message 112 to peer 0x118008000 (13 bytes)
1740953741.063160 sending message 112 to peer 0x118008000 (13 bytes)
1740953741.063163 sending message 112 to peer 0x118008000 (13 bytes)
1740953741.063165 sending message 112 to peer 0x118008000 (13 bytes)
1740953741.063168 sending message 112 to peer 0x118008000 (10 bytes)
1740953741.063171 sending message 112 to peer 0x118008000 (13 bytes)
1740953741.063174 sending message 112 to peer 0x118008000 (12 bytes)
1740953741.063177 sending message 112 to peer 0x118008000 (12 bytes)
1740953741.063180 sending message 112 to peer 0x118008000 (13 bytes)
1740953741.063183 sending message 112 to peer 0x118008000 (10 bytes)
1740953741.063186 sending message 112 to peer 0x118008000 (10 bytes)
1740953741.063189 sending message 112 to peer 0x118008000 (10 bytes)
1740953741.063192 sending message 112 to peer 0x118008000 (12 bytes)
1740953741.063198 sending message 112 to peer 0x118008000 (13 bytes)
1740953741.063201 sending message 112 to peer 0x118008000 (13 bytes)
1740953741.063204 sending message 112 to peer 0x118008000 (13 bytes)
1740953741.063207 sending message 112 to peer 0x118008000 (13 bytes)
1740953741.063211 sending message 112 to peer 0x118008000 (13 bytes)
1740953741.063216 sending message 112 to peer 0x118008000 (10 bytes)
1740953741.063219 sending message 112 to peer 0x118008000 (11 bytes)
1740953741.063222 sending message 112 to peer 0x118008000 (12 bytes)
1740953741.063225 sending message 112 to peer 0x118008000 (12 bytes)
1740953741.063229 sending message 112 to peer 0x118008000 (12 bytes)
1740953741.063237 sending message 112 to peer 0x118008000 (12 bytes)
1740953741.063240 sending message 112 to peer 0x118008000 (12 bytes)
1740953741.063243 sending message 112 to peer 0x118008000 (11 bytes)
1740953741.063246 sending message 112 to peer 0x118008000 (12 bytes)
1740953741.063249 sending message 112 to peer 0x118008000 (12 bytes)
1740953741.063252 sending message 112 to peer 0x118008000 (13 bytes)
1740953741.063254 sending message 112 to peer 0x118008000 (13 bytes)
1740953741.063257 sending message 112 to peer 0x118008000 (13 bytes)
1740953741.063259 sending message 112 to peer 0x118008000 (13 bytes)
1740953741.063262 sending message 112 to peer 0x118008000 (13 bytes)
1740953741.063265 sending message 112 to peer 0x118008000 (10 bytes)
1740953741.063268 sending message 112 to peer 0x118008000 (9 bytes)
1740953741.063270 sending message 112 to peer 0x118008000 (12 bytes)
1740953741.063273 sending message 112 to peer 0x118008000 (13 bytes)
1740953741.063275 sending message 112 to peer 0x118008000 (13 bytes)
1740953741.063278 sending message 112 to peer 0x118008000 (13 bytes)
1740953741.063281 sending message 112 to peer 0x118008000 (13 bytes)
1740953741.063283 sending message 112 to peer 0x118008000 (13 bytes)
1740953741.063286 sending message 112 to peer 0x118008000 (9 bytes)
1740953741.063289 sending message 112 to peer 0x118008000 (12 bytes)
1740953741.063291 sending message 112 to peer 0x118008000 (13 bytes)
1740953741.063294 sending message 112 to peer 0x118008000 (13 bytes)
1740953741.063297 sending message 112 to peer 0x118008000 (13 bytes)
1740953741.063299 sending message 112 to peer 0x118008000 (13 bytes)
1740953741.063302 sending message 112 to peer 0x118008000 (13 bytes)
1740953741.063305 sending message 112 to peer 0x118008000 (11 bytes)
1740953741.063307 sending message 112 to peer 0x118008000 (12 bytes)
1740953741.063310 sending message 112 to peer 0x118008000 (13 bytes)
1740953741.063318 sending message 112 to peer 0x118008000 (13 bytes)
1740953741.063320 sending message 112 to peer 0x118008000 (13 bytes)
1740953741.063323 sending message 112 to peer 0x118008000 (13 bytes)
1740953741.063326 sending message 112 to peer 0x118008000 (13 bytes)
1740953741.063329 sending message 112 to peer 0x118008000 (11 bytes)
1740953741.063331 sending message 112 to peer 0x118008000 (12 bytes)
1740953741.063336 sending message 112 to peer 0x118008000 (12 bytes)
1740953741.063338 sending message 112 to peer 0x118008000 (12 bytes)
1740953741.063341 sending message 112 to peer 0x118008000 (12 bytes)
1740953741.063344 sending message 112 to peer 0x118008000 (12 bytes)
1740953741.063347 sending message 112 to peer 0x118008000 (22 bytes)
1740953741.063350 sending message 112 to peer 0x118008000 (12 bytes)
1740953741.063353 sending message 112 to peer 0x118008000 (9 bytes)
1740953741.063356 sending message 112 to peer 0x118008000 (6 bytes)
1740953741.063358 sending message 112 to peer 0x118008000 (13 bytes)
1740953741.063361 sending message 112 to peer 0x118008000 (10 bytes)
1740953741.063364 sending message 112 to peer 0x118008000 (15 bytes)
1740953741.063366 sending message 112 to peer 0x118008000 (11 bytes)
1740953741.063369 sending message 112 to peer 0x118008000 (9 bytes)
1740953741.063372 sending message 112 to peer 0x118008000 (70 bytes)
1740953741.063375 sending message 112 to peer 0x118008000 (69 bytes)
1740953741.063378 sending message 112 to peer 0x118008000 (34 bytes)
1740953741.063381 sending message 112 to peer 0x118008000 (34 bytes)
1740953741.063385 sending message 112 to peer 0x118008000 (69 bytes)
1740953741.063390 sending message 112 to peer 0x118008000 (12 bytes)
1740953741.063395 sending message 112 to peer 0x118008000 (10 bytes)
1740953741.063399 sending message 112 to peer 0x118008000 (10 bytes)
1740953741.063404 sending message 112 to peer 0x118008000 (15 bytes)
1740953741.063408 sending message 112 to peer 0x118008000 (11 bytes)
1740953741.063412 sending message 112 to peer 0x118008000 (10 bytes)
1740953741.063414 sending message 112 to peer 0x118008000 (10 bytes)
1740953741.063418 sending message 112 to peer 0x118008000 (17 bytes)
1740953741.063420 sending message 112 to peer 0x118008000 (10 bytes)
1740953741.063423 sending message 112 to peer 0x118008000 (13 bytes)
1740953741.063426 sending message 112 to peer 0x118008000 (17 bytes)
1740953741.063428 sending message 112 to peer 0x118008000 (5 bytes)
1740953741.063431 sending message 112 to peer 0x118008000 (9 bytes)
1740953741.063433 sending message 112 to peer 0x118008000 (15 bytes)
1740953741.063438 sending message 104 to peer 0x118008000 (0 bytes)
1740953741.063442 sending message 110 to peer 0x118008000 (0 bytes)
1740953741.063445 sending message 107 to peer 0x118008000 (4 bytes)
1740953741.063449 sending message 105 to peer 0x118008000 (17 bytes)
1740953741.063452 sending message 105 to peer 0x118008000 (18 bytes)
1740953741.063454 sending message 105 to peer 0x118008000 (17 bytes)
1740953741.063457 sending message 105 to peer 0x118008000 (72 bytes)
1740953741.063460 sending message 105 to peer 0x118008000 (42 bytes)
1740953741.063462 sending message 105 to peer 0x118008000 (25 bytes)
1740953741.063465 sending message 105 to peer 0x118008000 (57 bytes)
1740953741.063468 sending message 105 to peer 0x118008000 (38 bytes)
1740953741.063470 sending message 105 to peer 0x118008000 (151 bytes)
1740953741.063473 sending message 105 to peer 0x118008000 (22 bytes)
1740953741.063476 sending message 105 to peer 0x118008000 (15 bytes)
1740953741.063478 sending message 105 to peer 0x118008000 (19 bytes)
1740953741.063481 sending message 105 to peer 0x118008000 (14 bytes)
1740953741.063484 sending message 105 to peer 0x118008000 (18 bytes)
1740953741.063486 sending message 105 to peer 0x118008000 (66 bytes)
1740953741.063489 sending message 105 to peer 0x118008000 (60 bytes)
1740953741.063492 sending message 105 to peer 0x118008000 (37 bytes)
1740953741.063494 sending message 105 to peer 0x118008000 (16 bytes)
1740953741.063509 sending message 105 to peer 0x118008000 (67 bytes)
1740953741.063514 sending message 105 to peer 0x118008000 (684 bytes)
1740953741.063517 sending message 105 to peer 0x118008000 (21 bytes)
1740953741.063520 sending message 105 to peer 0x118008000 (15 bytes)
1740953741.063522 sending message 105 to peer 0x118008000 (20 bytes)
1740953741.063525 sending message 105 to peer 0x118008000 (8 bytes)
1740953741.063528 sending message 105 to peer 0x118008000 (35 bytes)
1740953741.063531 sending message 105 to peer 0x118008000 (30 bytes)
1740953741.063533 sending message 105 to peer 0x118008000 (37 bytes)
1740953741.063536 sending message 105 to peer 0x118008000 (34 bytes)
1740953741.063539 sending message 105 to peer 0x118008000 (35 bytes)
1740953741.063542 sending message 105 to peer 0x118008000 (33 bytes)
1740953741.063544 sending message 105 to peer 0x118008000 (16 bytes)
1740953741.063547 sending message 105 to peer 0x118008000 (60 bytes)
1740953741.063552 sending message 105 to peer 0x118008000 (69 bytes)
1740953741.063555 sending message 105 to peer 0x118008000 (12 bytes)
1740953741.063558 sending message 105 to peer 0x118008000 (22 bytes)
1740953741.063561 sending message 105 to peer 0x118008000 (35 bytes)
1740953741.063563 sending message 105 to peer 0x118008000 (11 bytes)
1740953741.063566 sending message 105 to peer 0x118008000 (8 bytes)
1740953741.063568 sending message 105 to peer 0x118008000 (32 bytes)
1740953741.063571 sending message 105 to peer 0x118008000 (96 bytes)
1740953741.063574 sending message 105 to peer 0x118008000 (10 bytes)
1740953741.063577 sending message 105 to peer 0x118008000 (26 bytes)
1740953741.063580 sending message 105 to peer 0x118008000 (30 bytes)
1740953741.063584 sending message 105 to peer 0x118008000 (25 bytes)
1740953741.063589 sending message 106 to peer 0x118008000 (0 bytes)
1740953741.063645 sending message 200 to peer 0x118008000 (4 bytes)
1740953741.063651 client loop enter
1740953741.070972 peer 0x118008000 message 207
1740953741.070990 sending message 208 to peer 0x118008000 (0 bytes)
1740953744.336948 peer 0x118008000 message 203
1740953744.337129 sending message 205 to peer 0x118008000 (0 bytes)
1740953744.337431 peer 0x118008000 message 204
1740953744.337454 client loop exit
